[2025-06-12 09:57:14.849 +07:00] [INF] [] [] Serilog Demo application configured successfully
[2025-06-12 09:57:14.947 +07:00] [INF] [Microsoft.Hosting.Lifetime] [] Now listening on: http://localhost:5106
[2025-06-12 09:57:14.954 +07:00] [INF] [Microsoft.Hosting.Lifetime] [] Application started. Press Ctrl+C to shut down.
[2025-06-12 09:57:14.956 +07:00] [INF] [Microsoft.Hosting.Lifetime] [] Hosting environment: Development
[2025-06-12 09:57:14.958 +07:00] [INF] [Microsoft.Hosting.Lifetime] [] Content root path: C:\Users\Anisazumara\Documents\Batch 13\Serilog.Demo\Serilog.Demo
[2025-06-12 09:58:06.058 +07:00] [INF] [Microsoft.AspNetCore.Hosting.Diagnostics] [] Request starting HTTP/1.1 GET http://localhost:5106/ - null null
[2025-06-12 09:58:06.175 +07:00] [INF] [Microsoft.AspNetCore.Hosting.Diagnostics] [] Request finished HTTP/1.1 GET http://localhost:5106/ - 301 0 null 119.7403ms
[2025-06-12 09:58:06.205 +07:00] [INF] [Microsoft.AspNetCore.Hosting.Diagnostics] [] Request starting HTTP/1.1 GET http://localhost:5106/index.html - null null
[2025-06-12 09:58:06.306 +07:00] [INF] [Microsoft.AspNetCore.Hosting.Diagnostics] [] Request finished HTTP/1.1 GET http://localhost:5106/index.html - 200 null text/html;charset=utf-8 101.1212ms
[2025-06-12 09:58:06.324 +07:00] [INF] [Microsoft.AspNetCore.Hosting.Diagnostics] [] Request starting HTTP/1.1 GET http://localhost:5106/swagger-ui.css - null null
[2025-06-12 09:58:06.324 +07:00] [INF] [Microsoft.AspNetCore.Hosting.Diagnostics] [] Request starting HTTP/1.1 GET http://localhost:5106/swagger-ui-standalone-preset.js - null null
[2025-06-12 09:58:06.324 +07:00] [INF] [Microsoft.AspNetCore.Hosting.Diagnostics] [] Request starting HTTP/1.1 GET http://localhost:5106/swagger-ui-bundle.js - null null
[2025-06-12 09:58:06.370 +07:00] [INF] [Microsoft.AspNetCore.StaticFiles.StaticFileMiddleware] [] Sending file. Request path: '/swagger-ui.css'. Physical path: 'N/A'
[2025-06-12 09:58:06.372 +07:00] [INF] [Microsoft.AspNetCore.StaticFiles.StaticFileMiddleware] [] Sending file. Request path: '/swagger-ui-standalone-preset.js'. Physical path: 'N/A'
[2025-06-12 09:58:06.375 +07:00] [INF] [Microsoft.AspNetCore.StaticFiles.StaticFileMiddleware] [] Sending file. Request path: '/swagger-ui-bundle.js'. Physical path: 'N/A'
[2025-06-12 09:58:06.385 +07:00] [INF] [Microsoft.AspNetCore.Hosting.Diagnostics] [] Request finished HTTP/1.1 GET http://localhost:5106/swagger-ui.css - 200 152034 text/css 61.946ms
[2025-06-12 09:58:06.386 +07:00] [INF] [Microsoft.AspNetCore.Hosting.Diagnostics] [] Request finished HTTP/1.1 GET http://localhost:5106/swagger-ui-standalone-preset.js - 200 230280 text/javascript 62.2701ms
[2025-06-12 09:58:06.388 +07:00] [INF] [Microsoft.AspNetCore.Hosting.Diagnostics] [] Request finished HTTP/1.1 GET http://localhost:5106/swagger-ui-bundle.js - 200 1456926 text/javascript 64.0774ms
[2025-06-12 09:58:06.665 +07:00] [INF] [Microsoft.AspNetCore.Hosting.Diagnostics] [] Request starting HTTP/1.1 GET http://localhost:5106/swagger/v1/swagger.json - null null
[2025-06-12 09:58:06.691 +07:00] [INF] [Microsoft.AspNetCore.Hosting.Diagnostics] [] Request starting HTTP/1.1 GET http://localhost:5106/favicon-32x32.png - null null
[2025-06-12 09:58:06.698 +07:00] [INF] [Microsoft.AspNetCore.StaticFiles.StaticFileMiddleware] [] Sending file. Request path: '/favicon-32x32.png'. Physical path: 'N/A'
[2025-06-12 09:58:06.701 +07:00] [INF] [Microsoft.AspNetCore.Hosting.Diagnostics] [] Request finished HTTP/1.1 GET http://localhost:5106/favicon-32x32.png - 200 628 image/png 9.37ms
[2025-06-12 09:58:06.778 +07:00] [INF] [Microsoft.AspNetCore.Hosting.Diagnostics] [] Request finished HTTP/1.1 GET http://localhost:5106/swagger/v1/swagger.json - 200 null application/json;charset=utf-8 113.5187ms
[2025-06-12 10:00:05.317 +07:00] [INF] [Microsoft.AspNetCore.Hosting.Diagnostics] [] Request starting HTTP/1.1 POST http://localhost:5106/api/Users/login - application/json 54
[2025-06-12 10:00:05.329 +07:00] [WRN] [Microsoft.AspNetCore.HttpsPolicy.HttpsRedirectionMiddleware] [] Failed to determine the https port for redirect.
[2025-06-12 10:00:05.358 +07:00] [INF] [Microsoft.AspNetCore.Routing.EndpointMiddleware] [] Executing endpoint 'Serilog.Demo.Controllers.UsersController.Login (Serilog.Demo)'
[2025-06-12 10:00:05.407 +07:00] [INF] [Microsoft.AspNetCore.Mvc.Infrastructure.ControllerActionInvoker] [] Route matched with {action = "Login", controller = "Users"}. Executing controller action with signature System.Threading.Tasks.Task`1[Microsoft.AspNetCore.Mvc.ActionResult`1[Serilog.Demo.Models.ApiResponse`1[Serilog.Demo.Models.User]]] Login(Serilog.Demo.Models.LoginRequest) on controller Serilog.Demo.Controllers.UsersController (Serilog.Demo).
[2025-06-12 10:00:05.471 +07:00] [INF] [Serilog.Demo.Controllers.UsersController] [55dde128] User login attempt for username nsazumara
[2025-06-12 10:00:05.478 +07:00] [INF] [Serilog.Demo.Services.UserService] [5311c98d] Authentication attempt for username nsazumara
[2025-06-12 10:00:05.593 +07:00] [WRN] [Serilog.Demo.Services.UserService] [5311c98d] Authentication failed - User nsazumara not found
[2025-06-12 10:00:05.602 +07:00] [WRN] [Serilog.Demo.Controllers.UsersController] [55dde128] Login failed for username nsazumara in 130ms
[2025-06-12 10:00:05.627 +07:00] [INF] [Microsoft.AspNetCore.Mvc.Infrastructure.ObjectResultExecutor] [] Executing UnauthorizedObjectResult, writing value of type 'Serilog.Demo.Models.ApiResponse`1[[Serilog.Demo.Models.User, Serilog.Demo, Version=1.0.0.0, Culture=neutral, PublicKeyToken=null]]'.
[2025-06-12 10:00:05.660 +07:00] [INF] [Microsoft.AspNetCore.Mvc.Infrastructure.ControllerActionInvoker] [] Executed action Serilog.Demo.Controllers.UsersController.Login (Serilog.Demo) in 238.5231ms
[2025-06-12 10:00:05.667 +07:00] [INF] [Microsoft.AspNetCore.Routing.EndpointMiddleware] [] Executed endpoint 'Serilog.Demo.Controllers.UsersController.Login (Serilog.Demo)'
[2025-06-12 10:00:05.736 +07:00] [INF] [Serilog.AspNetCore.RequestLoggingMiddleware] [] HTTP POST /api/Users/login responded 401 in 326.1413 ms
[2025-06-12 10:00:05.777 +07:00] [INF] [Microsoft.AspNetCore.Hosting.Diagnostics] [] Request finished HTTP/1.1 POST http://localhost:5106/api/Users/login - 401 null application/json; charset=utf-8 460.4382ms
[2025-06-12 10:00:23.527 +07:00] [INF] [Microsoft.AspNetCore.Hosting.Diagnostics] [] Request starting HTTP/1.1 GET http://localhost:5106/api/Users/login - null null
[2025-06-12 10:00:23.536 +07:00] [INF] [Microsoft.AspNetCore.Routing.EndpointMiddleware] [] Executing endpoint 'Serilog.Demo.Controllers.UsersController.GetUser (Serilog.Demo)'
[2025-06-12 10:00:23.552 +07:00] [INF] [Microsoft.AspNetCore.Mvc.Infrastructure.ControllerActionInvoker] [] Route matched with {action = "GetUser", controller = "Users"}. Executing controller action with signature System.Threading.Tasks.Task`1[Microsoft.AspNetCore.Mvc.ActionResult`1[Serilog.Demo.Models.ApiResponse`1[Serilog.Demo.Models.User]]] GetUser(Int32) on controller Serilog.Demo.Controllers.UsersController (Serilog.Demo).
[2025-06-12 10:00:23.609 +07:00] [INF] [Microsoft.AspNetCore.Mvc.Infrastructure.ObjectResultExecutor] [] Executing BadRequestObjectResult, writing value of type 'Microsoft.AspNetCore.Mvc.ValidationProblemDetails'.
[2025-06-12 10:00:23.663 +07:00] [INF] [Microsoft.AspNetCore.Mvc.Infrastructure.ControllerActionInvoker] [] Executed action Serilog.Demo.Controllers.UsersController.GetUser (Serilog.Demo) in 100.0888ms
[2025-06-12 10:00:23.668 +07:00] [INF] [Microsoft.AspNetCore.Routing.EndpointMiddleware] [] Executed endpoint 'Serilog.Demo.Controllers.UsersController.GetUser (Serilog.Demo)'
[2025-06-12 10:00:23.680 +07:00] [INF] [Serilog.AspNetCore.RequestLoggingMiddleware] [] HTTP GET /api/Users/login responded 400 in 143.0070 ms
[2025-06-12 10:00:23.689 +07:00] [INF] [Microsoft.AspNetCore.Hosting.Diagnostics] [] Request finished HTTP/1.1 GET http://localhost:5106/api/Users/login - 400 null application/problem+json; charset=utf-8 162.4612ms
[2025-06-12 10:00:23.752 +07:00] [INF] [Microsoft.AspNetCore.Hosting.Diagnostics] [] Request starting HTTP/1.1 GET http://localhost:5106/favicon.ico - null null
[2025-06-12 10:00:23.762 +07:00] [INF] [Serilog.AspNetCore.RequestLoggingMiddleware] [] HTTP GET /favicon.ico responded 404 in 0.4290 ms
[2025-06-12 10:00:23.767 +07:00] [INF] [Microsoft.AspNetCore.Hosting.Diagnostics] [] Request finished HTTP/1.1 GET http://localhost:5106/favicon.ico - 404 0 null 15.2721ms
[2025-06-12 10:00:23.776 +07:00] [INF] [Microsoft.AspNetCore.Hosting.Diagnostics] [] Request reached the end of the middleware pipeline without being handled by application code. Request path: GET http://localhost:5106/favicon.ico, Response status code: 404
[2025-06-12 10:00:52.587 +07:00] [INF] [Microsoft.AspNetCore.Hosting.Diagnostics] [] Request starting HTTP/1.1 POST http://localhost:5106/api/Users/login - application/json 54
[2025-06-12 10:00:52.594 +07:00] [INF] [Microsoft.AspNetCore.Routing.EndpointMiddleware] [] Executing endpoint 'Serilog.Demo.Controllers.UsersController.Login (Serilog.Demo)'
[2025-06-12 10:00:52.598 +07:00] [INF] [Microsoft.AspNetCore.Mvc.Infrastructure.ControllerActionInvoker] [] Route matched with {action = "Login", controller = "Users"}. Executing controller action with signature System.Threading.Tasks.Task`1[Microsoft.AspNetCore.Mvc.ActionResult`1[Serilog.Demo.Models.ApiResponse`1[Serilog.Demo.Models.User]]] Login(Serilog.Demo.Models.LoginRequest) on controller Serilog.Demo.Controllers.UsersController (Serilog.Demo).
[2025-06-12 10:00:52.606 +07:00] [INF] [Serilog.Demo.Controllers.UsersController] [3bd68dff] User login attempt for username nsazumara
[2025-06-12 10:00:52.609 +07:00] [INF] [Serilog.Demo.Services.UserService] [5a48b691] Authentication attempt for username nsazumara
[2025-06-12 10:00:52.716 +07:00] [WRN] [Serilog.Demo.Services.UserService] [5a48b691] Authentication failed - User nsazumara not found
[2025-06-12 10:00:52.721 +07:00] [WRN] [Serilog.Demo.Controllers.UsersController] [3bd68dff] Login failed for username nsazumara in 114ms
[2025-06-12 10:00:52.728 +07:00] [INF] [Microsoft.AspNetCore.Mvc.Infrastructure.ObjectResultExecutor] [] Executing UnauthorizedObjectResult, writing value of type 'Serilog.Demo.Models.ApiResponse`1[[Serilog.Demo.Models.User, Serilog.Demo, Version=1.0.0.0, Culture=neutral, PublicKeyToken=null]]'.
[2025-06-12 10:00:52.735 +07:00] [INF] [Microsoft.AspNetCore.Mvc.Infrastructure.ControllerActionInvoker] [] Executed action Serilog.Demo.Controllers.UsersController.Login (Serilog.Demo) in 132.3161ms
[2025-06-12 10:00:52.741 +07:00] [INF] [Microsoft.AspNetCore.Routing.EndpointMiddleware] [] Executed endpoint 'Serilog.Demo.Controllers.UsersController.Login (Serilog.Demo)'
[2025-06-12 10:00:52.746 +07:00] [INF] [Serilog.AspNetCore.RequestLoggingMiddleware] [] HTTP POST /api/Users/login responded 401 in 152.2314 ms
[2025-06-12 10:00:52.754 +07:00] [INF] [Microsoft.AspNetCore.Hosting.Diagnostics] [] Request finished HTTP/1.1 POST http://localhost:5106/api/Users/login - 401 null application/json; charset=utf-8 166.6997ms
[2025-06-12 10:01:50.215 +07:00] [INF] [Microsoft.AspNetCore.Hosting.Diagnostics] [] Request starting HTTP/1.1 GET http://localhost:5106/api/Users/7765432 - null null
[2025-06-12 10:01:50.228 +07:00] [INF] [Microsoft.AspNetCore.Routing.EndpointMiddleware] [] Executing endpoint 'Serilog.Demo.Controllers.UsersController.GetUser (Serilog.Demo)'
[2025-06-12 10:01:50.233 +07:00] [INF] [Microsoft.AspNetCore.Mvc.Infrastructure.ControllerActionInvoker] [] Route matched with {action = "GetUser", controller = "Users"}. Executing controller action with signature System.Threading.Tasks.Task`1[Microsoft.AspNetCore.Mvc.ActionResult`1[Serilog.Demo.Models.ApiResponse`1[Serilog.Demo.Models.User]]] GetUser(Int32) on controller Serilog.Demo.Controllers.UsersController (Serilog.Demo).
[2025-06-12 10:01:50.239 +07:00] [DBG] [Serilog.Demo.Controllers.UsersController] [127df17f] Retrieving user 7765432
[2025-06-12 10:01:50.242 +07:00] [DBG] [Serilog.Demo.Services.UserService] [127df17f] Retrieving user with ID 7765432
[2025-06-12 10:01:50.297 +07:00] [WRN] [Serilog.Demo.Services.UserService] [127df17f] User with ID 7765432 not found
[2025-06-12 10:01:50.304 +07:00] [WRN] [Serilog.Demo.Controllers.UsersController] [127df17f] User 7765432 not found
[2025-06-12 10:01:50.309 +07:00] [INF] [Microsoft.AspNetCore.Mvc.Infrastructure.ObjectResultExecutor] [] Executing NotFoundObjectResult, writing value of type 'Serilog.Demo.Models.ApiResponse`1[[Serilog.Demo.Models.User, Serilog.Demo, Version=1.0.0.0, Culture=neutral, PublicKeyToken=null]]'.
[2025-06-12 10:01:50.311 +07:00] [INF] [Microsoft.AspNetCore.Mvc.Infrastructure.ControllerActionInvoker] [] Executed action Serilog.Demo.Controllers.UsersController.GetUser (Serilog.Demo) in 73.5427ms
[2025-06-12 10:01:50.314 +07:00] [INF] [Microsoft.AspNetCore.Routing.EndpointMiddleware] [] Executed endpoint 'Serilog.Demo.Controllers.UsersController.GetUser (Serilog.Demo)'
[2025-06-12 10:01:50.318 +07:00] [INF] [Serilog.AspNetCore.RequestLoggingMiddleware] [] HTTP GET /api/Users/7765432 responded 404 in 90.1950 ms
[2025-06-12 10:01:50.322 +07:00] [INF] [Microsoft.AspNetCore.Hosting.Diagnostics] [] Request finished HTTP/1.1 GET http://localhost:5106/api/Users/7765432 - 404 null application/json; charset=utf-8 107.059ms
[2025-06-12 10:01:57.842 +07:00] [INF] [Microsoft.AspNetCore.Hosting.Diagnostics] [] Request starting HTTP/1.1 GET http://localhost:5106/api/Users/7765432 - null null
[2025-06-12 10:01:57.846 +07:00] [INF] [Microsoft.AspNetCore.Routing.EndpointMiddleware] [] Executing endpoint 'Serilog.Demo.Controllers.UsersController.GetUser (Serilog.Demo)'
[2025-06-12 10:01:57.849 +07:00] [INF] [Microsoft.AspNetCore.Mvc.Infrastructure.ControllerActionInvoker] [] Route matched with {action = "GetUser", controller = "Users"}. Executing controller action with signature System.Threading.Tasks.Task`1[Microsoft.AspNetCore.Mvc.ActionResult`1[Serilog.Demo.Models.ApiResponse`1[Serilog.Demo.Models.User]]] GetUser(Int32) on controller Serilog.Demo.Controllers.UsersController (Serilog.Demo).
[2025-06-12 10:01:57.854 +07:00] [DBG] [Serilog.Demo.Controllers.UsersController] [85af8c10] Retrieving user 7765432
[2025-06-12 10:01:57.857 +07:00] [DBG] [Serilog.Demo.Services.UserService] [85af8c10] Retrieving user with ID 7765432
[2025-06-12 10:01:57.912 +07:00] [WRN] [Serilog.Demo.Services.UserService] [85af8c10] User with ID 7765432 not found
[2025-06-12 10:01:57.916 +07:00] [WRN] [Serilog.Demo.Controllers.UsersController] [85af8c10] User 7765432 not found
[2025-06-12 10:01:57.921 +07:00] [INF] [Microsoft.AspNetCore.Mvc.Infrastructure.ObjectResultExecutor] [] Executing NotFoundObjectResult, writing value of type 'Serilog.Demo.Models.ApiResponse`1[[Serilog.Demo.Models.User, Serilog.Demo, Version=1.0.0.0, Culture=neutral, PublicKeyToken=null]]'.
[2025-06-12 10:01:57.927 +07:00] [INF] [Microsoft.AspNetCore.Mvc.Infrastructure.ControllerActionInvoker] [] Executed action Serilog.Demo.Controllers.UsersController.GetUser (Serilog.Demo) in 73.6149ms
[2025-06-12 10:01:57.932 +07:00] [INF] [Microsoft.AspNetCore.Routing.EndpointMiddleware] [] Executed endpoint 'Serilog.Demo.Controllers.UsersController.GetUser (Serilog.Demo)'
[2025-06-12 10:01:57.936 +07:00] [INF] [Serilog.AspNetCore.RequestLoggingMiddleware] [] HTTP GET /api/Users/7765432 responded 404 in 89.9479 ms
[2025-06-12 10:01:57.945 +07:00] [INF] [Microsoft.AspNetCore.Hosting.Diagnostics] [] Request finished HTTP/1.1 GET http://localhost:5106/api/Users/7765432 - 404 null application/json; charset=utf-8 102.9147ms
[2025-06-12 10:03:40.235 +07:00] [INF] [Microsoft.AspNetCore.Hosting.Diagnostics] [] Request starting HTTP/1.1 GET http://localhost:5106/index.html - null null
[2025-06-12 10:03:40.241 +07:00] [INF] [Microsoft.AspNetCore.Hosting.Diagnostics] [] Request finished HTTP/1.1 GET http://localhost:5106/index.html - 200 null text/html;charset=utf-8 5.9748ms
[2025-06-12 10:03:40.672 +07:00] [INF] [Microsoft.AspNetCore.Hosting.Diagnostics] [] Request starting HTTP/1.1 GET http://localhost:5106/swagger/v1/swagger.json - null null
[2025-06-12 10:03:40.693 +07:00] [INF] [Microsoft.AspNetCore.Hosting.Diagnostics] [] Request finished HTTP/1.1 GET http://localhost:5106/swagger/v1/swagger.json - 200 null application/json;charset=utf-8 20.7495ms
[2025-06-12 10:05:29.516 +07:00] [INF] [Microsoft.AspNetCore.Hosting.Diagnostics] [] Request starting HTTP/1.1 POST http://localhost:5106/api/Users/login - application/json 57
[2025-06-12 10:05:29.521 +07:00] [INF] [Microsoft.AspNetCore.Routing.EndpointMiddleware] [] Executing endpoint 'Serilog.Demo.Controllers.UsersController.Login (Serilog.Demo)'
[2025-06-12 10:05:29.523 +07:00] [INF] [Microsoft.AspNetCore.Mvc.Infrastructure.ControllerActionInvoker] [] Route matched with {action = "Login", controller = "Users"}. Executing controller action with signature System.Threading.Tasks.Task`1[Microsoft.AspNetCore.Mvc.ActionResult`1[Serilog.Demo.Models.ApiResponse`1[Serilog.Demo.Models.User]]] Login(Serilog.Demo.Models.LoginRequest) on controller Serilog.Demo.Controllers.UsersController (Serilog.Demo).
[2025-06-12 10:05:29.527 +07:00] [INF] [Serilog.Demo.Controllers.UsersController] [45b60002] User login attempt for username john.doe
[2025-06-12 10:05:29.529 +07:00] [INF] [Serilog.Demo.Services.UserService] [829f0935] Authentication attempt for username john.doe
[2025-06-12 10:05:29.635 +07:00] [WRN] [Serilog.Demo.Services.UserService] [829f0935] Authentication failed - User john.doe not found
[2025-06-12 10:05:29.639 +07:00] [WRN] [Serilog.Demo.Controllers.UsersController] [45b60002] Login failed for username john.doe in 112ms
[2025-06-12 10:05:29.644 +07:00] [INF] [Microsoft.AspNetCore.Mvc.Infrastructure.ObjectResultExecutor] [] Executing UnauthorizedObjectResult, writing value of type 'Serilog.Demo.Models.ApiResponse`1[[Serilog.Demo.Models.User, Serilog.Demo, Version=1.0.0.0, Culture=neutral, PublicKeyToken=null]]'.
[2025-06-12 10:05:29.649 +07:00] [INF] [Microsoft.AspNetCore.Mvc.Infrastructure.ControllerActionInvoker] [] Executed action Serilog.Demo.Controllers.UsersController.Login (Serilog.Demo) in 123.0121ms
[2025-06-12 10:05:29.655 +07:00] [INF] [Microsoft.AspNetCore.Routing.EndpointMiddleware] [] Executed endpoint 'Serilog.Demo.Controllers.UsersController.Login (Serilog.Demo)'
[2025-06-12 10:05:29.659 +07:00] [INF] [Serilog.AspNetCore.RequestLoggingMiddleware] [] HTTP POST /api/Users/login responded 401 in 138.2979 ms
[2025-06-12 10:05:29.665 +07:00] [INF] [Microsoft.AspNetCore.Hosting.Diagnostics] [] Request finished HTTP/1.1 POST http://localhost:5106/api/Users/login - 401 null application/json; charset=utf-8 148.8061ms
[2025-06-12 10:05:57.175 +07:00] [INF] [Microsoft.AspNetCore.Hosting.Diagnostics] [] Request starting HTTP/1.1 GET http://localhost:5106/api/Users/login - null null
[2025-06-12 10:05:57.180 +07:00] [INF] [Microsoft.AspNetCore.Routing.EndpointMiddleware] [] Executing endpoint 'Serilog.Demo.Controllers.UsersController.GetUser (Serilog.Demo)'
[2025-06-12 10:05:57.183 +07:00] [INF] [Microsoft.AspNetCore.Mvc.Infrastructure.ControllerActionInvoker] [] Route matched with {action = "GetUser", controller = "Users"}. Executing controller action with signature System.Threading.Tasks.Task`1[Microsoft.AspNetCore.Mvc.ActionResult`1[Serilog.Demo.Models.ApiResponse`1[Serilog.Demo.Models.User]]] GetUser(Int32) on controller Serilog.Demo.Controllers.UsersController (Serilog.Demo).
[2025-06-12 10:05:57.187 +07:00] [INF] [Microsoft.AspNetCore.Mvc.Infrastructure.ObjectResultExecutor] [] Executing BadRequestObjectResult, writing value of type 'Microsoft.AspNetCore.Mvc.ValidationProblemDetails'.
[2025-06-12 10:05:57.191 +07:00] [INF] [Microsoft.AspNetCore.Mvc.Infrastructure.ControllerActionInvoker] [] Executed action Serilog.Demo.Controllers.UsersController.GetUser (Serilog.Demo) in 5.0473ms
[2025-06-12 10:05:57.195 +07:00] [INF] [Microsoft.AspNetCore.Routing.EndpointMiddleware] [] Executed endpoint 'Serilog.Demo.Controllers.UsersController.GetUser (Serilog.Demo)'
[2025-06-12 10:05:57.199 +07:00] [INF] [Serilog.AspNetCore.RequestLoggingMiddleware] [] HTTP GET /api/Users/login responded 400 in 18.2373 ms
[2025-06-12 10:05:57.203 +07:00] [INF] [Microsoft.AspNetCore.Hosting.Diagnostics] [] Request finished HTTP/1.1 GET http://localhost:5106/api/Users/login - 400 null application/problem+json; charset=utf-8 28.2801ms
[2025-06-12 10:06:32.584 +07:00] [INF] [Microsoft.Hosting.Lifetime] [] Application is shutting down...
[2025-06-12 10:13:58.557 +07:00] [INF] [] [] Serilog Demo application configured successfully
[2025-06-12 10:13:58.641 +07:00] [INF] [Microsoft.Hosting.Lifetime] [] Now listening on: http://localhost:5106
[2025-06-12 10:13:58.647 +07:00] [INF] [Microsoft.Hosting.Lifetime] [] Application started. Press Ctrl+C to shut down.
[2025-06-12 10:13:58.649 +07:00] [INF] [Microsoft.Hosting.Lifetime] [] Hosting environment: Development
[2025-06-12 10:13:58.651 +07:00] [INF] [Microsoft.Hosting.Lifetime] [] Content root path: C:\Users\Anisazumara\Documents\Batch 13\Serilog.Demo\Serilog.Demo
[2025-06-12 10:14:25.491 +07:00] [INF] [Microsoft.AspNetCore.Hosting.Diagnostics] [] Request starting HTTP/1.1 GET http://localhost:5106/index.html - null null
[2025-06-12 10:14:25.677 +07:00] [INF] [Microsoft.AspNetCore.Hosting.Diagnostics] [] Request finished HTTP/1.1 GET http://localhost:5106/index.html - 200 null text/html;charset=utf-8 187.7055ms
[2025-06-12 10:14:25.789 +07:00] [INF] [Microsoft.AspNetCore.Hosting.Diagnostics] [] Request starting HTTP/1.1 GET http://localhost:5106/swagger/v1/swagger.json - null null
[2025-06-12 10:14:25.936 +07:00] [INF] [Microsoft.AspNetCore.Hosting.Diagnostics] [] Request finished HTTP/1.1 GET http://localhost:5106/swagger/v1/swagger.json - 200 null application/json;charset=utf-8 146.9215ms
[2025-06-12 10:14:58.487 +07:00] [INF] [Microsoft.AspNetCore.Hosting.Diagnostics] [] Request starting HTTP/1.1 POST http://localhost:5106/api/Users/login - application/json 52
[2025-06-12 10:14:58.500 +07:00] [WRN] [Microsoft.AspNetCore.HttpsPolicy.HttpsRedirectionMiddleware] [] Failed to determine the https port for redirect.
[2025-06-12 10:14:58.521 +07:00] [INF] [Microsoft.AspNetCore.Routing.EndpointMiddleware] [] Executing endpoint 'Serilog.Demo.Controllers.UsersController.Login (Serilog.Demo)'
[2025-06-12 10:14:58.561 +07:00] [INF] [Microsoft.AspNetCore.Mvc.Infrastructure.ControllerActionInvoker] [] Route matched with {action = "Login", controller = "Users"}. Executing controller action with signature System.Threading.Tasks.Task`1[Microsoft.AspNetCore.Mvc.ActionResult`1[Serilog.Demo.Models.ApiResponse`1[Serilog.Demo.Models.User]]] Login(Serilog.Demo.Models.LoginRequest) on controller Serilog.Demo.Controllers.UsersController (Serilog.Demo).
[2025-06-12 10:14:58.620 +07:00] [INF] [Serilog.Demo.Controllers.UsersController] [22b42a8a] User login attempt for username john.doe
[2025-06-12 10:14:58.627 +07:00] [INF] [Serilog.Demo.Services.UserService] [7e76829a] Authentication attempt for username john.doe
[2025-06-12 10:14:58.746 +07:00] [WRN] [Serilog.Demo.Services.UserService] [7e76829a] Authentication failed - User john.doe not found
[2025-06-12 10:14:58.755 +07:00] [WRN] [Serilog.Demo.Controllers.UsersController] [22b42a8a] Login failed for username john.doe in 135ms
[2025-06-12 10:14:58.791 +07:00] [INF] [Microsoft.AspNetCore.Mvc.Infrastructure.ObjectResultExecutor] [] Executing UnauthorizedObjectResult, writing value of type 'Serilog.Demo.Models.ApiResponse`1[[Serilog.Demo.Models.User, Serilog.Demo, Version=1.0.0.0, Culture=neutral, PublicKeyToken=null]]'.
[2025-06-12 10:14:58.822 +07:00] [INF] [Microsoft.AspNetCore.Mvc.Infrastructure.ControllerActionInvoker] [] Executed action Serilog.Demo.Controllers.UsersController.Login (Serilog.Demo) in 244.7856ms
[2025-06-12 10:14:58.830 +07:00] [INF] [Microsoft.AspNetCore.Routing.EndpointMiddleware] [] Executed endpoint 'Serilog.Demo.Controllers.UsersController.Login (Serilog.Demo)'
[2025-06-12 10:14:58.856 +07:00] [INF] [Serilog.AspNetCore.RequestLoggingMiddleware] [] HTTP POST /api/Users/login responded 401 in 323.8873 ms
[2025-06-12 10:14:58.863 +07:00] [INF] [Microsoft.AspNetCore.Hosting.Diagnostics] [] Request finished HTTP/1.1 POST http://localhost:5106/api/Users/login - 401 null application/json; charset=utf-8 375.7328ms
[2025-06-12 10:15:14.004 +07:00] [INF] [Microsoft.AspNetCore.Hosting.Diagnostics] [] Request starting HTTP/1.1 GET http://localhost:5106/api/Users/login - null null
[2025-06-12 10:15:14.013 +07:00] [INF] [Microsoft.AspNetCore.Routing.EndpointMiddleware] [] Executing endpoint 'Serilog.Demo.Controllers.UsersController.GetUser (Serilog.Demo)'
[2025-06-12 10:15:14.029 +07:00] [INF] [Microsoft.AspNetCore.Mvc.Infrastructure.ControllerActionInvoker] [] Route matched with {action = "GetUser", controller = "Users"}. Executing controller action with signature System.Threading.Tasks.Task`1[Microsoft.AspNetCore.Mvc.ActionResult`1[Serilog.Demo.Models.ApiResponse`1[Serilog.Demo.Models.User]]] GetUser(Int32) on controller Serilog.Demo.Controllers.UsersController (Serilog.Demo).
[2025-06-12 10:15:14.067 +07:00] [INF] [Microsoft.AspNetCore.Mvc.Infrastructure.ObjectResultExecutor] [] Executing BadRequestObjectResult, writing value of type 'Microsoft.AspNetCore.Mvc.ValidationProblemDetails'.
[2025-06-12 10:15:14.120 +07:00] [INF] [Microsoft.AspNetCore.Mvc.Infrastructure.ControllerActionInvoker] [] Executed action Serilog.Demo.Controllers.UsersController.GetUser (Serilog.Demo) in 83.2562ms
[2025-06-12 10:15:14.127 +07:00] [INF] [Microsoft.AspNetCore.Routing.EndpointMiddleware] [] Executed endpoint 'Serilog.Demo.Controllers.UsersController.GetUser (Serilog.Demo)'
[2025-06-12 10:15:14.134 +07:00] [INF] [Serilog.AspNetCore.RequestLoggingMiddleware] [] HTTP GET /api/Users/login responded 400 in 120.5023 ms
[2025-06-12 10:15:14.147 +07:00] [INF] [Microsoft.AspNetCore.Hosting.Diagnostics] [] Request finished HTTP/1.1 GET http://localhost:5106/api/Users/login - 400 null application/problem+json; charset=utf-8 142.6541ms
[2025-06-12 10:15:14.213 +07:00] [INF] [Microsoft.AspNetCore.Hosting.Diagnostics] [] Request starting HTTP/1.1 GET http://localhost:5106/favicon.ico - null null
[2025-06-12 10:15:14.221 +07:00] [INF] [Serilog.AspNetCore.RequestLoggingMiddleware] [] HTTP GET /favicon.ico responded 404 in 0.1313 ms
[2025-06-12 10:15:14.228 +07:00] [INF] [Microsoft.AspNetCore.Hosting.Diagnostics] [] Request finished HTTP/1.1 GET http://localhost:5106/favicon.ico - 404 0 null 15.5356ms
[2025-06-12 10:15:14.238 +07:00] [INF] [Microsoft.AspNetCore.Hosting.Diagnostics] [] Request reached the end of the middleware pipeline without being handled by application code. Request path: GET http://localhost:5106/favicon.ico, Response status code: 404
[2025-06-12 10:15:40.376 +07:00] [INF] [Microsoft.Hosting.Lifetime] [] Application is shutting down...
[2025-06-12 13:03:49.930 +07:00] [INF] [] [] Serilog Demo application configured successfully
[2025-06-12 13:03:50.034 +07:00] [INF] [Microsoft.Hosting.Lifetime] [] Now listening on: http://localhost:5106
[2025-06-12 13:03:50.039 +07:00] [INF] [Microsoft.Hosting.Lifetime] [] Application started. Press Ctrl+C to shut down.
[2025-06-12 13:03:50.040 +07:00] [INF] [Microsoft.Hosting.Lifetime] [] Hosting environment: Development
[2025-06-12 13:03:50.042 +07:00] [INF] [Microsoft.Hosting.Lifetime] [] Content root path: C:\Users\Anisazumara\Documents\Batch 13\Serilog.Demo\Serilog.Demo
[2025-06-12 13:04:21.430 +07:00] [INF] [Microsoft.AspNetCore.Hosting.Diagnostics] [] Request starting HTTP/1.1 GET http://localhost:5106/index.html - null null
[2025-06-12 13:04:21.566 +07:00] [INF] [Microsoft.AspNetCore.Hosting.Diagnostics] [] Request finished HTTP/1.1 GET http://localhost:5106/index.html - 200 null text/html;charset=utf-8 140.1049ms
[2025-06-12 13:04:21.703 +07:00] [INF] [Microsoft.AspNetCore.Hosting.Diagnostics] [] Request starting HTTP/1.1 GET http://localhost:5106/swagger/v1/swagger.json - null null
[2025-06-12 13:04:21.779 +07:00] [INF] [Microsoft.AspNetCore.Hosting.Diagnostics] [] Request finished HTTP/1.1 GET http://localhost:5106/swagger/v1/swagger.json - 200 null application/json;charset=utf-8 76.1295ms
[2025-06-12 13:06:50.192 +07:00] [INF] [Microsoft.Hosting.Lifetime] [] Application is shutting down...
